<?xml version="1.0" encoding="UTF-8"?>
<!-- Generated by org.testng.reporters.JUnitReportReporter -->
<testsuite hostname="DESKTOP-U4N0H90" failures="0" tests="2" name="SeleniumAcademy.HomePage" time="30.034" errors="0" timestamp="2022-04-14T15:37:41 CST" skipped="0">
  <testcase classname="SeleniumAcademy.HomePage" name="basePageNavigation" time="11.569"/>
  <system-out/>
  <testcase classname="SeleniumAcademy.HomePage" name="basePageNavigation" time="18.465"/>
  <system-out/>
</testsuite> <!-- SeleniumAcademy.HomePage -->
