<?xml version="1.0" encoding="UTF-8"?>
<!-- Generated by org.testng.reporters.JUnitReportReporter -->
<testsuite hostname="DESKTOP-U4N0H90" failures="0" tests="2" name="SeleniumAcademy.ValidateTitle" time="0.089" errors="0" timestamp="2022-04-14T15:37:41 CST" skipped="0">
  <testcase classname="SeleniumAcademy.ValidateTitle" name="basePageNavigation" time="0.058"/>
  <system-out/>
  <testcase classname="SeleniumAcademy.ValidateTitle" name="validateHeader" time="0.031"/>
  <system-out/>
</testsuite> <!-- SeleniumAcademy.ValidateTitle -->
