<?xml version="1.0" encoding="UTF-8"?>
<!-- Generated by org.testng.reporters.JUnitReportReporter -->
<testsuite hostname="DESKTOP-U4N0H90" failures="0" tests="1" name="SeleniumAcademy.ValidateNavBar" time="0.062" errors="0" timestamp="2022-04-14T15:37:41 CST" skipped="0">
  <testcase classname="SeleniumAcademy.ValidateNavBar" name="basePageNavigation" time="0.062"/>
  <system-out/>
</testsuite> <!-- SeleniumAcademy.ValidateNavBar -->
